<?xml version="1.0" encoding="UTF-8"?>
<!-- Generated by org.testng.reporters.JUnitReportReporter -->
<testsuite name="com.irctc.test.IRCTCSFillForm" tests="1" time="34.104" ignored="0" failures="0" timestamp="14 Jul 2017 10:17:57 GMT" skipped="0" hostname="ICPL11527" errors="0">
  <testcase name="FillFormIN_Railways" time="34.104" classname="com.irctc.test.IRCTCSFillForm"/>
</testsuite> <!-- com.irctc.test.IRCTCSFillForm -->
